2023-06-05 22:15:48.276  INFO 1 --- [main] c.k.s.SpringkUsuariosApplication         : Starting SpringkUsuariosApplication v0.0.1-SNAPSHOT using Java 11.0.16 on 368e1e08fe1b with PID 1 (/app/springk-usuarios-0.0.1-SNAPSHOT.jar started by root in /app)
2023-06-05 22:15:48.281  INFO 1 --- [main] c.k.s.SpringkUsuariosApplication         : No active profile set, falling back to 1 default profile: "default"
2023-06-05 22:15:49.475  INFO 1 --- [main] .s.d.r.c.RepositoryConfigurationDelegate : Bootstrapping Spring Data JPA repositories in DEFAULT mode.
2023-06-05 22:15:49.533  INFO 1 --- [main] .s.d.r.c.RepositoryConfigurationDelegate : Finished Spring Data repository scanning in 46 ms. Found 1 JPA repository interfaces.
2023-06-05 22:15:49.790  INFO 1 --- [main] o.s.cloud.context.scope.GenericScope     : BeanFactory id=bc538914-92a7-3bf4-ac0a-fcbbc6bf3d9a
2023-06-05 22:15:50.293  INFO 1 --- [main] o.s.b.w.embedded.tomcat.TomcatWebServer  : Tomcat initialized with port(s): 8001 (http)
2023-06-05 22:15:50.309  INFO 1 --- [main] o.apache.catalina.core.StandardService   : Starting service [Tomcat]
2023-06-05 22:15:50.310  INFO 1 --- [main] org.apache.catalina.core.StandardEngine  : Starting Servlet engine: [Apache Tomcat/9.0.75]
2023-06-05 22:15:50.390  INFO 1 --- [main] o.a.c.c.C.[Tomcat].[localhost].[/]       : Initializing Spring embedded WebApplicationContext
2023-06-05 22:15:50.391  INFO 1 --- [main] w.s.c.ServletWebServerApplicationContext : Root WebApplicationContext: initialization completed in 2021 ms
2023-06-05 22:15:50.573  INFO 1 --- [main] o.hibernate.jpa.internal.util.LogHelper  : HHH000204: Processing PersistenceUnitInfo [name: default]
2023-06-05 22:15:50.624  INFO 1 --- [main] org.hibernate.Version                    : HHH000412: Hibernate ORM core version 5.6.15.Final
2023-06-05 22:15:50.812  INFO 1 --- [main] o.hibernate.annotations.common.Version   : HCANN000001: Hibernate Commons Annotations {5.1.2.Final}
2023-06-05 22:15:50.948  INFO 1 --- [main] com.zaxxer.hikari.HikariDataSource       : HikariPool-1 - Starting...
2023-06-05 22:15:51.347  INFO 1 --- [main] com.zaxxer.hikari.HikariDataSource       : HikariPool-1 - Start completed.
2023-06-05 22:15:51.364  INFO 1 --- [main] org.hibernate.dialect.Dialect            : HHH000400: Using dialect: org.hibernate.dialect.MySQL8Dialect
2023-06-05 22:15:52.254  INFO 1 --- [main] o.h.e.t.j.p.i.JtaPlatformInitiator       : HHH000490: Using JtaPlatform implementation: [org.hibernate.engine.transaction.jta.platform.internal.NoJtaPlatform]
2023-06-05 22:15:52.264  INFO 1 --- [main] j.LocalContainerEntityManagerFactoryBean : Initialized JPA EntityManagerFactory for persistence unit 'default'
2023-06-05 22:15:52.940  WARN 1 --- [main] JpaBaseConfiguration$JpaWebConfiguration : spring.jpa.open-in-view is enabled by default. Therefore, database queries may be performed during view rendering. Explicitly configure spring.jpa.open-in-view to disable this warning
2023-06-05 22:15:53.596  INFO 1 --- [main] o.s.b.w.embedded.tomcat.TomcatWebServer  : Tomcat started on port(s): 8001 (http) with context path ''
2023-06-05 22:15:53.609  INFO 1 --- [main] c.k.s.SpringkUsuariosApplication         : Started SpringkUsuariosApplication in 6.209 seconds (JVM running for 6.936)
